\BOOKMARK [1][-]{section.1}{Grobaufbau}{}% 1
\BOOKMARK [1][-]{section.2}{Client}{}% 2
\BOOKMARK [2][-]{subsection.2.1}{Aufbau}{section.2}% 3
\BOOKMARK [2][-]{subsection.2.2}{Datenverwaltung}{section.2}% 4
\BOOKMARK [2][-]{subsection.2.3}{Rendering}{section.2}% 5
\BOOKMARK [1][-]{section.3}{Server}{}% 6
\BOOKMARK [2][-]{subsection.3.1}{Aufbau}{section.3}% 7
\BOOKMARK [2][-]{subsection.3.2}{Datenverwaltung}{section.3}% 8
\BOOKMARK [2][-]{subsection.3.3}{Spiellogik}{section.3}% 9
\BOOKMARK [2][-]{subsection.3.4}{Aufbauphase}{section.3}% 10
\BOOKMARK [2][-]{subsection.3.5}{Runde}{section.3}% 11
\BOOKMARK [1][-]{section.4}{Kommunikation}{}% 12
\BOOKMARK [2][-]{subsection.4.1}{Serverauswahl}{section.4}% 13
\BOOKMARK [2][-]{subsection.4.2}{Verbindung}{section.4}% 14
\BOOKMARK [2][-]{subsection.4.3}{Protokoll}{section.4}% 15
\BOOKMARK [3][-]{subsubsection.4.3.1}{Aufbau}{subsection.4.3}% 16
\BOOKMARK [3][-]{subsubsection.4.3.2}{Befehle}{subsection.4.3}% 17
\BOOKMARK [1][-]{section.5}{Andere Pakete}{}% 18
\BOOKMARK [2][-]{subsection.5.1}{shared}{section.5}% 19
\BOOKMARK [1][-]{section.6}{Unittest}{}% 20
